<?xml version="1.0" encoding="UTF-8"?>
<!-- Generated by org.testng.reporters.JUnitXMLReporter -->
<testsuite hostname="SYSTEM-72" ignored="14" name="Test" tests="1" failures="1" timestamp="26 Dec 2019 18:06:38 GMT" time="49.77" errors="0">
  <testcase name="@AfterMethod tearDown" time="6.069" classname="lms.genericLibraries.BaseClass">
    <failure type="org.openqa.selenium.WebDriverException" message="Failed to convert data to an object
Build info: version: &amp;apos;3.141.59&amp;apos;, revision: &amp;apos;e82be7d358&amp;apos;, time: &amp;apos;2018-11-14T08:17:03&amp;apos;
System info: host: &amp;apos;SYSTEM-72&amp;apos;, ip: &amp;apos;192.168.0.103&amp;apos;, os.name: &amp;apos;Windows 10&amp;apos;, os.arch: &amp;apos;amd64&amp;apos;, os.version: &amp;apos;10.0&amp;apos;, java.version: &amp;apos;1.8.0_211&amp;apos;
Driver info: org.openqa.selenium.firefox.FirefoxDriver
Capabilities {acceptInsecureCerts: true, browserName: firefox, browserVersion: 70.0.1, javascriptEnabled: true, moz:accessibilityChecks: false, moz:buildID: 20191030021342, moz:geckodriverVersion: 0.24.0, moz:headless: false, moz:processID: 3540, moz:profile: C:\Users\Prod\AppData\Local..., moz:shutdownTimeout: 60000, moz:useNonSpecCompliantPointerOrigin: false, moz:webdriverClick: true, pageLoadStrategy: normal, platform: WINDOWS, platformName: WINDOWS, platformVersion: 10.0, rotatable: false, setWindowRect: true, strictFileInteractability: false, timeouts: {implicit: 0, pageLoad: 300000, script: 30000}, unhandledPromptBehavior: dismiss and notify}
Session ID: ae65caca-c0a4-473a-958f-e5d399df6acb
*** Element info: {Using=xpath, value=//i[contains(@class,&amp;apos;material-icons right dropdown-icon&amp;apos;)]}">
      <![CDATA[org.openqa.selenium.WebDriverException: Failed to convert data to an object
Build info: version: '3.141.59', revision: 'e82be7d358', time: '2018-11-14T08:17:03'
System info: host: 'SYSTEM-72', ip: '192.168.0.103', os.name: 'Windows 10', os.arch: 'amd64', os.version: '10.0', java.version: '1.8.0_211'
Driver info: org.openqa.selenium.firefox.FirefoxDriver
Capabilities {acceptInsecureCerts: true, browserName: firefox, browserVersion: 70.0.1, javascriptEnabled: true, moz:accessibilityChecks: false, moz:buildID: 20191030021342, moz:geckodriverVersion: 0.24.0, moz:headless: false, moz:processID: 3540, moz:profile: C:\Users\Prod\AppData\Local..., moz:shutdownTimeout: 60000, moz:useNonSpecCompliantPointerOrigin: false, moz:webdriverClick: true, pageLoadStrategy: normal, platform: WINDOWS, platformName: WINDOWS, platformVersion: 10.0, rotatable: false, setWindowRect: true, strictFileInteractability: false, timeouts: {implicit: 0, pageLoad: 300000, script: 30000}, unhandledPromptBehavior: dismiss and notify}
Session ID: ae65caca-c0a4-473a-958f-e5d399df6acb
*** Element info: {Using=xpath, value=//i[contains(@class,'material-icons right dropdown-icon')]}
at org.openqa.selenium.remote.http.W3CHttpResponseCodec.createException(W3CHttpResponseCodec.java:187)
at org.openqa.selenium.remote.http.W3CHttpResponseCodec.decode(W3CHttpResponseCodec.java:122)
at org.openqa.selenium.remote.http.W3CHttpResponseCodec.decode(W3CHttpResponseCodec.java:49)
at org.openqa.selenium.remote.HttpCommandExecutor.execute(HttpCommandExecutor.java:158)
at org.openqa.selenium.remote.service.DriverCommandExecutor.execute(DriverCommandExecutor.java:83)
at org.openqa.selenium.remote.RemoteWebDriver.execute(RemoteWebDriver.java:552)
at org.openqa.selenium.remote.RemoteWebDriver.findElement(RemoteWebDriver.java:323)
at org.openqa.selenium.remote.RemoteWebDriver.findElementByXPath(RemoteWebDriver.java:428)
at org.openqa.selenium.By$ByXPath.findElement(By.java:353)
at org.openqa.selenium.remote.RemoteWebDriver.findElement(RemoteWebDriver.java:315)
at org.openqa.selenium.support.pagefactory.DefaultElementLocator.findElement(DefaultElementLocator.java:69)
at org.openqa.selenium.support.pagefactory.internal.LocatingElementHandler.invoke(LocatingElementHandler.java:38)
at com.sun.proxy.$Proxy28.isDisplayed(Unknown Source)
at org.openqa.selenium.support.ui.ExpectedConditions.elementIfVisible(ExpectedConditions.java:314)
at org.openqa.selenium.support.ui.ExpectedConditions.access$000(ExpectedConditions.java:43)
at org.openqa.selenium.support.ui.ExpectedConditions$10.apply(ExpectedConditions.java:300)
at org.openqa.selenium.support.ui.ExpectedConditions$10.apply(ExpectedConditions.java:297)
at org.openqa.selenium.support.ui.ExpectedConditions$23.apply(ExpectedConditions.java:670)
at org.openqa.selenium.support.ui.ExpectedConditions$23.apply(ExpectedConditions.java:666)
at org.openqa.selenium.support.ui.FluentWait.until(FluentWait.java:249)
at lms.genericLibraries.WebDriverUtils.waitForElementPresent(WebDriverUtils.java:32)
at lms.objectRepository.LoginPage.logOut(LoginPage.java:39)
at lms.genericLibraries.BaseClass.tearDown(BaseClass.java:71)
... Removed 32 stack frames]]>
    </failure>
  </testcase> <!-- @AfterMethod tearDown -->
  <testcase name="@AfterClass closeBrowser" time="0.0" classname="lms.genericLibraries.BaseClass">
    <skipped/>
  </testcase> <!-- @AfterClass closeBrowser -->
  <testcase name="approveLNIRequest" time="33.057" classname="com.lnitest.LniTest">
    <failure type="org.openqa.selenium.NoSuchElementException" message="Unable to locate element: //html//frameset//frameset//frame
For documentation on this error, please visit: https://www.seleniumhq.org/exceptions/no_such_element.html
Build info: version: &amp;apos;3.141.59&amp;apos;, revision: &amp;apos;e82be7d358&amp;apos;, time: &amp;apos;2018-11-14T08:17:03&amp;apos;
System info: host: &amp;apos;SYSTEM-72&amp;apos;, ip: &amp;apos;192.168.0.103&amp;apos;, os.name: &amp;apos;Windows 10&amp;apos;, os.arch: &amp;apos;amd64&amp;apos;, os.version: &amp;apos;10.0&amp;apos;, java.version: &amp;apos;1.8.0_211&amp;apos;
Driver info: org.openqa.selenium.firefox.FirefoxDriver
Capabilities {acceptInsecureCerts: true, browserName: firefox, browserVersion: 70.0.1, javascriptEnabled: true, moz:accessibilityChecks: false, moz:buildID: 20191030021342, moz:geckodriverVersion: 0.24.0, moz:headless: false, moz:processID: 3540, moz:profile: C:\Users\Prod\AppData\Local..., moz:shutdownTimeout: 60000, moz:useNonSpecCompliantPointerOrigin: false, moz:webdriverClick: true, pageLoadStrategy: normal, platform: WINDOWS, platformName: WINDOWS, platformVersion: 10.0, rotatable: false, setWindowRect: true, strictFileInteractability: false, timeouts: {implicit: 0, pageLoad: 300000, script: 30000}, unhandledPromptBehavior: dismiss and notify}
Session ID: ae65caca-c0a4-473a-958f-e5d399df6acb
*** Element info: {Using=xpath, value=//html//frameset//frameset//frame}">
      <![CDATA[org.openqa.selenium.NoSuchElementException: Unable to locate element: //html//frameset//frameset//frame
For documentation on this error, please visit: https://www.seleniumhq.org/exceptions/no_such_element.html
Build info: version: '3.141.59', revision: 'e82be7d358', time: '2018-11-14T08:17:03'
System info: host: 'SYSTEM-72', ip: '192.168.0.103', os.name: 'Windows 10', os.arch: 'amd64', os.version: '10.0', java.version: '1.8.0_211'
Driver info: org.openqa.selenium.firefox.FirefoxDriver
Capabilities {acceptInsecureCerts: true, browserName: firefox, browserVersion: 70.0.1, javascriptEnabled: true, moz:accessibilityChecks: false, moz:buildID: 20191030021342, moz:geckodriverVersion: 0.24.0, moz:headless: false, moz:processID: 3540, moz:profile: C:\Users\Prod\AppData\Local..., moz:shutdownTimeout: 60000, moz:useNonSpecCompliantPointerOrigin: false, moz:webdriverClick: true, pageLoadStrategy: normal, platform: WINDOWS, platformName: WINDOWS, platformVersion: 10.0, rotatable: false, setWindowRect: true, strictFileInteractability: false, timeouts: {implicit: 0, pageLoad: 300000, script: 30000}, unhandledPromptBehavior: dismiss and notify}
Session ID: ae65caca-c0a4-473a-958f-e5d399df6acb
*** Element info: {Using=xpath, value=//html//frameset//frameset//frame}
at org.openqa.selenium.remote.http.W3CHttpResponseCodec.createException(W3CHttpResponseCodec.java:187)
at org.openqa.selenium.remote.http.W3CHttpResponseCodec.decode(W3CHttpResponseCodec.java:122)
at org.openqa.selenium.remote.http.W3CHttpResponseCodec.decode(W3CHttpResponseCodec.java:49)
at org.openqa.selenium.remote.HttpCommandExecutor.execute(HttpCommandExecutor.java:158)
at org.openqa.selenium.remote.service.DriverCommandExecutor.execute(DriverCommandExecutor.java:83)
at org.openqa.selenium.remote.RemoteWebDriver.execute(RemoteWebDriver.java:552)
at org.openqa.selenium.remote.RemoteWebDriver.findElement(RemoteWebDriver.java:323)
at org.openqa.selenium.remote.RemoteWebDriver.findElementByXPath(RemoteWebDriver.java:428)
at org.openqa.selenium.By$ByXPath.findElement(By.java:353)
at org.openqa.selenium.remote.RemoteWebDriver.findElement(RemoteWebDriver.java:315)
at org.openqa.selenium.support.pagefactory.DefaultElementLocator.findElement(DefaultElementLocator.java:69)
at org.openqa.selenium.support.pagefactory.internal.LocatingElementHandler.invoke(LocatingElementHandler.java:38)
at com.sun.proxy.$Proxy28.getWrappedElement(Unknown Source)
at org.openqa.selenium.remote.internal.WebElementToJsonConverter.apply(WebElementToJsonConverter.java:50)
at org.openqa.selenium.remote.RemoteWebDriver$RemoteTargetLocator.frame(RemoteWebDriver.java:891)
at com.lnitest.LniTest.approveLNIRequest(LniTest.java:1118)
... Removed 29 stack frames]]>
    </failure>
  </testcase> <!-- approveLNIRequest -->
  <testcase name="verifyDurationEditboxBlankError" time="0.0" classname="com.lnitest.LniTest">
    <ignored/>
  </testcase> <!-- verifyDurationEditboxBlankError -->
  <testcase name="modifyLniDetailsAndVerify" time="0.0" classname="com.lnitest.LniTest">
    <ignored/>
  </testcase> <!-- modifyLniDetailsAndVerify -->
  <testcase name="verifyLniTitleBlankError" time="0.0" classname="com.lnitest.LniTest">
    <ignored/>
  </testcase> <!-- verifyLniTitleBlankError -->
  <testcase name="validatePriorityBlankError" time="0.0" classname="com.lnitest.LniTest">
    <ignored/>
  </testcase> <!-- validatePriorityBlankError -->
  <testcase name="verifyProjectNameBlankError" time="0.0" classname="com.lnitest.LniTest">
    <ignored/>
  </testcase> <!-- verifyProjectNameBlankError -->
  <testcase name="verifyLearningNeedDescriptionBlankError" time="0.0" classname="com.lnitest.LniTest">
    <ignored/>
  </testcase> <!-- verifyLearningNeedDescriptionBlankError -->
  <testcase name="checkCurrentExpertiseBlankError" time="0.0" classname="com.lnitest.LniTest">
    <ignored/>
  </testcase> <!-- checkCurrentExpertiseBlankError -->
  <testcase name="verifyPeopleEditboxBlankError" time="0.0" classname="com.lnitest.LniTest">
    <ignored/>
  </testcase> <!-- verifyPeopleEditboxBlankError -->
  <testcase name="verifyLearningTypeBlankError" time="0.0" classname="com.lnitest.LniTest">
    <ignored/>
  </testcase> <!-- verifyLearningTypeBlankError -->
  <testcase name="verifySponsorerBlankErr" time="0.0" classname="com.lnitest.LniTest">
    <ignored/>
  </testcase> <!-- verifySponsorerBlankErr -->
  <testcase name="validateClassificationBlankError" time="0.0" classname="com.lnitest.LniTest">
    <ignored/>
  </testcase> <!-- validateClassificationBlankError -->
  <testcase name="verifyProjectCodeBlankError" time="0.0" classname="com.lnitest.LniTest">
    <ignored/>
  </testcase> <!-- verifyProjectCodeBlankError -->
  <testcase name="view_Lni_SummaryAndVerify" time="0.0" classname="com.lnitest.LniTest">
    <ignored/>
  </testcase> <!-- view_Lni_SummaryAndVerify -->
  <testcase name="submitLniFormAndVerify" time="0.0" classname="com.lnitest.LniTest">
    <ignored/>
  </testcase> <!-- submitLniFormAndVerify -->
</testsuite> <!-- Test -->
